0 verbose cli /usr/bin/node-18 /usr/bin/npm
1 info using npm@9.8.1
2 info using node@v18.18.2
3 timing npm:load:whichnode Completed in 3ms
4 timing config:load:defaults Completed in 3ms
5 timing config:load:file:/usr/lib/node_modules_18/npm/npmrc Completed in 3ms
6 timing config:load:builtin Completed in 4ms
7 timing config:load:cli Completed in 4ms
8 timing config:load:env Completed in 1ms
9 timing config:load:file:/root/My-Nodejs-project/.npmrc Completed in 1ms
10 timing config:load:project Completed in 2ms
11 timing config:load:file:/root/.npmrc Completed in 0ms
12 timing config:load:user Completed in 0ms
13 timing config:load:file:/etc/npmrc Completed in 0ms
14 timing config:load:global Completed in 0ms
15 timing config:load:setEnvs Completed in 1ms
16 timing config:load Completed in 17ms
17 timing npm:load:configload Completed in 17ms
18 timing config:load:flatten Completed in 6ms
19 timing npm:load:mkdirpcache Completed in 0ms
20 timing npm:load:mkdirplogs Completed in 0ms
21 verbose title npm install express
22 verbose argv "install" "express" "--save"
23 timing npm:load:setTitle Completed in 2ms
24 timing npm:load:display Completed in 1ms
25 verbose logfile logs-max:10 dir:/root/.npm/_logs/2023-12-02T13_45_27_700Z-
26 verbose logfile /root/.npm/_logs/2023-12-02T13_45_27_700Z-debug-0.log
27 timing npm:load:logFile Completed in 17ms
28 timing npm:load:timers Completed in 0ms
29 timing npm:load:configScope Completed in 1ms
30 timing npm:load Completed in 76ms
31 timing arborist:ctor Completed in 2ms
32 silly logfile done cleaning log files
33 timing arborist:ctor Completed in 0ms
34 timing idealTree:init Completed in 25ms
35 timing idealTree:userRequests Completed in 4ms
36 silly idealTree buildDeps
37 silly fetch manifest express@*
38 http fetch GET 200 https://registry.npmjs.org/express 185ms (cache miss)
39 silly placeDep ROOT express@4.18.2 OK for: my-nodejs-project@1.0.0 want: *
40 silly fetch manifest accepts@~1.3.8
41 silly fetch manifest array-flatten@1.1.1
42 silly fetch manifest body-parser@1.20.1
43 silly fetch manifest content-disposition@0.5.4
44 silly fetch manifest content-type@~1.0.4
45 silly fetch manifest cookie@0.5.0
46 silly fetch manifest cookie-signature@1.0.6
47 silly fetch manifest debug@2.6.9
48 silly fetch manifest depd@2.0.0
49 silly fetch manifest encodeurl@~1.0.2
50 silly fetch manifest escape-html@~1.0.3
51 silly fetch manifest etag@~1.8.1
52 silly fetch manifest finalhandler@1.2.0
53 silly fetch manifest fresh@0.5.2
54 silly fetch manifest http-errors@2.0.0
55 silly fetch manifest merge-descriptors@1.0.1
56 silly fetch manifest methods@~1.1.2
57 silly fetch manifest on-finished@2.4.1
58 silly fetch manifest parseurl@~1.3.3
59 silly fetch manifest path-to-regexp@0.1.7
60 silly fetch manifest proxy-addr@~2.0.7
61 silly fetch manifest qs@6.11.0
62 silly fetch manifest range-parser@~1.2.1
63 silly fetch manifest safe-buffer@5.2.1
64 silly fetch manifest send@0.18.0
65 silly fetch manifest serve-static@1.15.0
66 silly fetch manifest setprototypeof@1.2.0
67 silly fetch manifest statuses@2.0.1
68 silly fetch manifest type-is@~1.6.18
69 silly fetch manifest utils-merge@1.0.1
70 silly fetch manifest vary@~1.1.2
71 http fetch GET 200 https://registry.npmjs.org/array-flatten 127ms (cache miss)
72 http fetch GET 200 https://registry.npmjs.org/accepts 132ms (cache miss)
73 http fetch GET 200 https://registry.npmjs.org/merge-descriptors 325ms (cache miss)
74 http fetch GET 200 https://registry.npmjs.org/encodeurl 332ms (cache miss)
75 http fetch GET 200 https://registry.npmjs.org/methods 333ms (cache miss)
76 http fetch GET 200 https://registry.npmjs.org/on-finished 334ms (cache miss)
77 http fetch GET 200 https://registry.npmjs.org/content-disposition 349ms (cache miss)
78 http fetch GET 200 https://registry.npmjs.org/content-type 349ms (cache miss)
79 http fetch GET 200 https://registry.npmjs.org/escape-html 343ms (cache miss)
80 http fetch GET 200 https://registry.npmjs.org/fresh 341ms (cache miss)
81 http fetch GET 200 https://registry.npmjs.org/parseurl 338ms (cache miss)
82 http fetch GET 200 https://registry.npmjs.org/etag 347ms (cache miss)
83 http fetch GET 200 https://registry.npmjs.org/cookie-signature 355ms (cache miss)
84 http fetch GET 200 https://registry.npmjs.org/utils-merge 331ms (cache miss)
85 http fetch GET 200 https://registry.npmjs.org/depd 356ms (cache miss)
86 http fetch GET 200 https://registry.npmjs.org/range-parser 341ms (cache miss)
87 http fetch GET 200 https://registry.npmjs.org/vary 332ms (cache miss)
88 http fetch GET 200 https://registry.npmjs.org/finalhandler 355ms (cache miss)
89 http fetch GET 200 https://registry.npmjs.org/cookie 363ms (cache miss)
90 http fetch GET 200 https://registry.npmjs.org/setprototypeof 343ms (cache miss)
91 http fetch GET 200 https://registry.npmjs.org/safe-buffer 348ms (cache miss)
92 http fetch GET 200 https://registry.npmjs.org/statuses 344ms (cache miss)
93 http fetch GET 200 https://registry.npmjs.org/http-errors 361ms (cache miss)
94 http fetch GET 200 https://registry.npmjs.org/proxy-addr 357ms (cache miss)
95 http fetch GET 200 https://registry.npmjs.org/type-is 348ms (cache miss)
96 http fetch GET 200 https://registry.npmjs.org/serve-static 356ms (cache miss)
97 http fetch GET 200 https://registry.npmjs.org/send 359ms (cache miss)
98 http fetch GET 200 https://registry.npmjs.org/body-parser 387ms (cache miss)
99 http fetch GET 200 https://registry.npmjs.org/path-to-regexp 374ms (cache miss)
100 http fetch GET 200 https://registry.npmjs.org/debug 387ms (cache miss)
101 http fetch GET 200 https://registry.npmjs.org/qs 386ms (cache miss)
102 timing idealTree:#root Completed in 621ms
103 silly placeDep ROOT accepts@1.3.8 OK for: express@4.18.2 want: ~1.3.8
104 silly fetch manifest mime-types@~2.1.34
105 silly fetch manifest negotiator@0.6.3
106 silly placeDep ROOT array-flatten@1.1.1 OK for: express@4.18.2 want: 1.1.1
107 silly placeDep ROOT body-parser@1.20.1 OK for: express@4.18.2 want: 1.20.1
108 silly fetch manifest bytes@3.1.2
109 silly fetch manifest destroy@1.2.0
110 silly fetch manifest iconv-lite@0.4.24
111 silly fetch manifest raw-body@2.5.1
112 silly fetch manifest unpipe@1.0.0
113 silly placeDep ROOT content-disposition@0.5.4 OK for: express@4.18.2 want: 0.5.4
114 silly placeDep ROOT content-type@1.0.5 OK for: express@4.18.2 want: ~1.0.4
115 silly placeDep ROOT cookie@0.5.0 OK for: express@4.18.2 want: 0.5.0
116 silly placeDep ROOT cookie-signature@1.0.6 OK for: express@4.18.2 want: 1.0.6
117 silly placeDep ROOT debug@2.6.9 OK for: express@4.18.2 want: 2.6.9
118 silly fetch manifest ms@2.0.0
119 silly placeDep ROOT depd@2.0.0 OK for: express@4.18.2 want: 2.0.0
120 silly placeDep ROOT encodeurl@1.0.2 OK for: express@4.18.2 want: ~1.0.2
121 silly placeDep ROOT escape-html@1.0.3 OK for: express@4.18.2 want: ~1.0.3
122 silly placeDep ROOT etag@1.8.1 OK for: express@4.18.2 want: ~1.8.1
123 silly placeDep ROOT finalhandler@1.2.0 OK for: express@4.18.2 want: 1.2.0
124 silly fetch manifest unpipe@~1.0.0
125 silly placeDep ROOT fresh@0.5.2 OK for: express@4.18.2 want: 0.5.2
126 silly placeDep ROOT http-errors@2.0.0 OK for: express@4.18.2 want: 2.0.0
127 silly fetch manifest inherits@2.0.4
128 silly fetch manifest toidentifier@1.0.1
129 silly placeDep ROOT merge-descriptors@1.0.1 OK for: express@4.18.2 want: 1.0.1
130 silly placeDep ROOT methods@1.1.2 OK for: express@4.18.2 want: ~1.1.2
131 silly placeDep ROOT on-finished@2.4.1 OK for: express@4.18.2 want: 2.4.1
132 silly fetch manifest ee-first@1.1.1
133 silly placeDep ROOT parseurl@1.3.3 OK for: express@4.18.2 want: ~1.3.3
134 silly placeDep ROOT path-to-regexp@0.1.7 OK for: express@4.18.2 want: 0.1.7
135 silly placeDep ROOT proxy-addr@2.0.7 OK for: express@4.18.2 want: ~2.0.7
136 silly fetch manifest forwarded@0.2.0
137 silly fetch manifest ipaddr.js@1.9.1
138 silly placeDep ROOT qs@6.11.0 OK for: express@4.18.2 want: 6.11.0
139 silly fetch manifest side-channel@^1.0.4
140 silly placeDep ROOT range-parser@1.2.1 OK for: express@4.18.2 want: ~1.2.1
141 silly placeDep ROOT safe-buffer@5.2.1 OK for: express@4.18.2 want: 5.2.1
142 silly placeDep ROOT send@0.18.0 OK for: express@4.18.2 want: 0.18.0
143 silly fetch manifest mime@1.6.0
144 silly fetch manifest ms@2.1.3
145 silly placeDep ROOT serve-static@1.15.0 OK for: express@4.18.2 want: 1.15.0
146 silly placeDep ROOT setprototypeof@1.2.0 OK for: express@4.18.2 want: 1.2.0
147 silly placeDep ROOT statuses@2.0.1 OK for: express@4.18.2 want: 2.0.1
148 silly placeDep ROOT type-is@1.6.18 OK for: express@4.18.2 want: ~1.6.18
149 silly fetch manifest media-typer@0.3.0
150 silly fetch manifest mime-types@~2.1.24
151 silly placeDep ROOT utils-merge@1.0.1 OK for: express@4.18.2 want: 1.0.1
152 silly placeDep ROOT vary@1.1.2 OK for: express@4.18.2 want: ~1.1.2
153 http fetch GET 200 https://registry.npmjs.org/npm 945ms (cache miss)
154 http fetch GET 200 https://registry.npmjs.org/ee-first 324ms (cache miss)
155 http fetch GET 200 https://registry.npmjs.org/unpipe 352ms (cache miss)
156 http fetch GET 200 https://registry.npmjs.org/forwarded 313ms (cache miss)
157 http fetch GET 200 https://registry.npmjs.org/side-channel 310ms (cache miss)
158 http fetch GET 200 https://registry.npmjs.org/inherits 336ms (cache miss)
159 http fetch GET 200 https://registry.npmjs.org/ipaddr.js 315ms (cache miss)
160 http fetch GET 200 https://registry.npmjs.org/unpipe 342ms (cache miss)
161 http fetch GET 200 https://registry.npmjs.org/toidentifier 336ms (cache miss)
162 http fetch GET 200 https://registry.npmjs.org/bytes 369ms (cache miss)
163 http fetch GET 200 https://registry.npmjs.org/media-typer 291ms (cache miss)
164 http fetch GET 200 https://registry.npmjs.org/negotiator 384ms (cache miss)
165 http fetch GET 200 https://registry.npmjs.org/ms 355ms (cache miss)
166 http fetch GET 200 https://registry.npmjs.org/ms 301ms (cache miss)
167 http fetch GET 200 https://registry.npmjs.org/raw-body 367ms (cache miss)
168 http fetch GET 200 https://registry.npmjs.org/iconv-lite 374ms (cache miss)
169 http fetch GET 200 https://registry.npmjs.org/mime-types 392ms (cache miss)
170 http fetch GET 200 https://registry.npmjs.org/mime 309ms (cache miss)
171 http fetch GET 200 https://registry.npmjs.org/mime-types 299ms (cache miss)
172 http fetch GET 200 https://registry.npmjs.org/destroy 438ms (cache miss)
173 timing idealTree:node_modules/express Completed in 500ms
174 silly placeDep ROOT mime-types@2.1.35 OK for: accepts@1.3.8 want: ~2.1.34
175 silly fetch manifest mime-db@1.52.0
176 silly placeDep ROOT negotiator@0.6.3 OK for: accepts@1.3.8 want: 0.6.3
177 http fetch GET 200 https://registry.npmjs.org/mime-db 36ms (cache miss)
178 timing idealTree:node_modules/accepts Completed in 40ms
179 timing idealTree:node_modules/array-flatten Completed in 0ms
180 silly placeDep ROOT bytes@3.1.2 OK for: body-parser@1.20.1 want: 3.1.2
181 silly placeDep ROOT destroy@1.2.0 OK for: body-parser@1.20.1 want: 1.2.0
182 silly placeDep ROOT iconv-lite@0.4.24 OK for: body-parser@1.20.1 want: 0.4.24
183 silly fetch manifest safer-buffer@>= 2.1.2 < 3
184 silly placeDep ROOT raw-body@2.5.1 OK for: body-parser@1.20.1 want: 2.5.1
185 silly placeDep ROOT unpipe@1.0.0 OK for: body-parser@1.20.1 want: 1.0.0
186 http fetch GET 200 https://registry.npmjs.org/safer-buffer 36ms (cache miss)
187 timing idealTree:node_modules/body-parser Completed in 43ms
188 timing idealTree:node_modules/bytes Completed in 0ms
189 timing idealTree:node_modules/content-disposition Completed in 0ms
190 timing idealTree:node_modules/content-type Completed in 0ms
191 timing idealTree:node_modules/cookie Completed in 0ms
192 timing idealTree:node_modules/cookie-signature Completed in 0ms
193 silly placeDep ROOT ms@2.0.0 OK for: debug@2.6.9 want: 2.0.0
194 timing idealTree:node_modules/debug Completed in 2ms
195 timing idealTree:node_modules/depd Completed in 0ms
196 timing idealTree:node_modules/destroy Completed in 0ms
197 timing idealTree:node_modules/encodeurl Completed in 0ms
198 timing idealTree:node_modules/escape-html Completed in 0ms
199 timing idealTree:node_modules/etag Completed in 0ms
200 timing idealTree:node_modules/finalhandler Completed in 0ms
201 timing idealTree:node_modules/fresh Completed in 0ms
202 silly placeDep ROOT inherits@2.0.4 OK for: http-errors@2.0.0 want: 2.0.4
203 silly placeDep ROOT toidentifier@1.0.1 OK for: http-errors@2.0.0 want: 1.0.1
204 timing idealTree:node_modules/http-errors Completed in 3ms
205 silly placeDep ROOT safer-buffer@2.1.2 OK for: iconv-lite@0.4.24 want: >= 2.1.2 < 3
206 timing idealTree:node_modules/iconv-lite Completed in 2ms
207 timing idealTree:node_modules/inherits Completed in 0ms
208 timing idealTree:node_modules/merge-descriptors Completed in 0ms
209 timing idealTree:node_modules/methods Completed in 0ms
210 silly placeDep ROOT mime-db@1.52.0 OK for: mime-types@2.1.35 want: 1.52.0
211 timing idealTree:node_modules/mime-types Completed in 1ms
212 timing idealTree:node_modules/mime-db Completed in 0ms
213 timing idealTree:node_modules/ms Completed in 0ms
214 timing idealTree:node_modules/negotiator Completed in 1ms
215 silly placeDep ROOT ee-first@1.1.1 OK for: on-finished@2.4.1 want: 1.1.1
216 timing idealTree:node_modules/on-finished Completed in 1ms
217 timing idealTree:node_modules/ee-first Completed in 0ms
218 timing idealTree:node_modules/parseurl Completed in 0ms
219 timing idealTree:node_modules/path-to-regexp Completed in 0ms
220 silly placeDep ROOT forwarded@0.2.0 OK for: proxy-addr@2.0.7 want: 0.2.0
221 silly placeDep ROOT ipaddr.js@1.9.1 OK for: proxy-addr@2.0.7 want: 1.9.1
222 timing idealTree:node_modules/proxy-addr Completed in 3ms
223 timing idealTree:node_modules/forwarded Completed in 0ms
224 timing idealTree:node_modules/ipaddr.js Completed in 0ms
225 silly placeDep ROOT side-channel@1.0.4 OK for: qs@6.11.0 want: ^1.0.4
226 silly fetch manifest call-bind@^1.0.0
227 silly fetch manifest get-intrinsic@^1.0.2
228 silly fetch manifest object-inspect@^1.9.0
229 http fetch GET 200 https://registry.npmjs.org/get-intrinsic 45ms (cache miss)
230 http fetch GET 200 https://registry.npmjs.org/call-bind 47ms (cache miss)
231 http fetch GET 200 https://registry.npmjs.org/object-inspect 47ms (cache miss)
232 timing idealTree:node_modules/qs Completed in 53ms
233 timing idealTree:node_modules/range-parser Completed in 0ms
234 timing idealTree:node_modules/raw-body Completed in 0ms
235 timing idealTree:node_modules/safe-buffer Completed in 0ms
236 timing idealTree:node_modules/safer-buffer Completed in 0ms
237 silly placeDep ROOT mime@1.6.0 OK for: send@0.18.0 want: 1.6.0
238 silly placeDep node_modules/send ms@2.1.3 OK for: send@0.18.0 want: 2.1.3
239 timing idealTree:node_modules/send Completed in 11ms
240 timing idealTree:node_modules/mime Completed in 0ms
241 timing idealTree:node_modules/serve-static Completed in 0ms
242 timing idealTree:node_modules/setprototypeof Completed in 0ms
243 silly placeDep ROOT call-bind@1.0.5 OK for: side-channel@1.0.4 want: ^1.0.0
244 silly fetch manifest function-bind@^1.1.2
245 silly fetch manifest get-intrinsic@^1.2.1
246 silly fetch manifest set-function-length@^1.1.1
247 silly placeDep ROOT get-intrinsic@1.2.2 OK for: side-channel@1.0.4 want: ^1.0.2
248 silly fetch manifest has-proto@^1.0.1
249 silly fetch manifest has-symbols@^1.0.3
250 silly fetch manifest hasown@^2.0.0
251 silly placeDep ROOT object-inspect@1.13.1 OK for: side-channel@1.0.4 want: ^1.9.0
252 http fetch GET 200 https://registry.npmjs.org/set-function-length 56ms (cache miss)
253 http fetch GET 200 https://registry.npmjs.org/function-bind 58ms (cache miss)
254 http fetch GET 200 https://registry.npmjs.org/has-proto 54ms (cache miss)
255 http fetch GET 200 https://registry.npmjs.org/has-symbols 54ms (cache miss)
256 http fetch GET 200 https://registry.npmjs.org/hasown 54ms (cache miss)
257 timing idealTree:node_modules/side-channel Completed in 77ms
258 silly placeDep ROOT function-bind@1.1.2 OK for: call-bind@1.0.5 want: ^1.1.2
259 silly placeDep ROOT set-function-length@1.1.1 OK for: call-bind@1.0.5 want: ^1.1.1
260 silly fetch manifest define-data-property@^1.1.1
261 silly fetch manifest gopd@^1.0.1
262 silly fetch manifest has-property-descriptors@^1.0.0
263 http fetch GET 200 https://registry.npmjs.org/define-data-property 39ms (cache miss)
264 http fetch GET 200 https://registry.npmjs.org/has-property-descriptors 49ms (cache miss)
265 http fetch GET 200 https://registry.npmjs.org/gopd 51ms (cache miss)
266 timing idealTree:node_modules/call-bind Completed in 60ms
267 timing idealTree:node_modules/function-bind Completed in 0ms
268 silly placeDep ROOT has-proto@1.0.1 OK for: get-intrinsic@1.2.2 want: ^1.0.1
269 silly placeDep ROOT has-symbols@1.0.3 OK for: get-intrinsic@1.2.2 want: ^1.0.3
270 silly placeDep ROOT hasown@2.0.0 OK for: get-intrinsic@1.2.2 want: ^2.0.0
271 timing idealTree:node_modules/get-intrinsic Completed in 8ms
272 timing idealTree:node_modules/has-proto Completed in 0ms
273 timing idealTree:node_modules/has-symbols Completed in 0ms
274 timing idealTree:node_modules/hasown Completed in 0ms
275 timing idealTree:node_modules/object-inspect Completed in 0ms
276 silly placeDep ROOT define-data-property@1.1.1 OK for: set-function-length@1.1.1 want: ^1.1.1
277 silly placeDep ROOT gopd@1.0.1 OK for: set-function-length@1.1.1 want: ^1.0.1
278 silly placeDep ROOT has-property-descriptors@1.0.1 OK for: set-function-length@1.1.1 want: ^1.0.0
279 timing idealTree:node_modules/set-function-length Completed in 6ms
280 timing idealTree:node_modules/define-data-property Completed in 0ms
281 timing idealTree:node_modules/gopd Completed in 0ms
282 timing idealTree:node_modules/has-property-descriptors Completed in 0ms
283 timing idealTree:node_modules/statuses Completed in 0ms
284 timing idealTree:node_modules/toidentifier Completed in 0ms
285 silly placeDep ROOT media-typer@0.3.0 OK for: type-is@1.6.18 want: 0.3.0
286 timing idealTree:node_modules/type-is Completed in 3ms
287 timing idealTree:node_modules/media-typer Completed in 0ms
288 timing idealTree:node_modules/unpipe Completed in 0ms
289 timing idealTree:node_modules/utils-merge Completed in 0ms
290 timing idealTree:node_modules/vary Completed in 0ms
291 timing idealTree:node_modules/send/node_modules/ms Completed in 0ms
292 timing idealTree:buildDeps Completed in 1442ms
293 timing idealTree:fixDepFlags Completed in 2ms
294 timing idealTree Completed in 1478ms
295 timing reify:loadTrees Completed in 1479ms
296 timing reify:diffTrees Completed in 3ms
297 silly reify moves {}
298 timing reify:retireShallow Completed in 1ms
299 timing reify:createSparse Completed in 12ms
300 timing reify:loadBundles Completed in 0ms
301 silly audit bulk request {
301 silly audit   express: [ '4.18.2' ],
301 silly audit   accepts: [ '1.3.8' ],
301 silly audit   'array-flatten': [ '1.1.1' ],
301 silly audit   'body-parser': [ '1.20.1' ],
301 silly audit   'content-disposition': [ '0.5.4' ],
301 silly audit   'content-type': [ '1.0.5' ],
301 silly audit   cookie: [ '0.5.0' ],
301 silly audit   'cookie-signature': [ '1.0.6' ],
301 silly audit   debug: [ '2.6.9' ],
301 silly audit   depd: [ '2.0.0' ],
301 silly audit   encodeurl: [ '1.0.2' ],
301 silly audit   'escape-html': [ '1.0.3' ],
301 silly audit   etag: [ '1.8.1' ],
301 silly audit   finalhandler: [ '1.2.0' ],
301 silly audit   fresh: [ '0.5.2' ],
301 silly audit   'http-errors': [ '2.0.0' ],
301 silly audit   'merge-descriptors': [ '1.0.1' ],
301 silly audit   methods: [ '1.1.2' ],
301 silly audit   'on-finished': [ '2.4.1' ],
301 silly audit   parseurl: [ '1.3.3' ],
301 silly audit   'path-to-regexp': [ '0.1.7' ],
301 silly audit   'proxy-addr': [ '2.0.7' ],
301 silly audit   qs: [ '6.11.0' ],
301 silly audit   'range-parser': [ '1.2.1' ],
301 silly audit   'safe-buffer': [ '5.2.1' ],
301 silly audit   send: [ '0.18.0' ],
301 silly audit   'serve-static': [ '1.15.0' ],
301 silly audit   setprototypeof: [ '1.2.0' ],
301 silly audit   statuses: [ '2.0.1' ],
301 silly audit   'type-is': [ '1.6.18' ],
301 silly audit   'utils-merge': [ '1.0.1' ],
301 silly audit   vary: [ '1.1.2' ],
301 silly audit   'mime-types': [ '2.1.35' ],
301 silly audit   negotiator: [ '0.6.3' ],
301 silly audit   bytes: [ '3.1.2' ],
301 silly audit   destroy: [ '1.2.0' ],
301 silly audit   'iconv-lite': [ '0.4.24' ],
301 silly audit   'raw-body': [ '2.5.1' ],
301 silly audit   unpipe: [ '1.0.0' ],
301 silly audit   ms: [ '2.0.0', '2.1.3' ],
301 silly audit   inherits: [ '2.0.4' ],
301 silly audit   toidentifier: [ '1.0.1' ],
301 silly audit   'safer-buffer': [ '2.1.2' ],
301 silly audit   'mime-db': [ '1.52.0' ],
301 silly audit   'ee-first': [ '1.1.1' ],
301 silly audit   forwarded: [ '0.2.0' ],
301 silly audit   'ipaddr.js': [ '1.9.1' ],
301 silly audit   'side-channel': [ '1.0.4' ],
301 silly audit   mime: [ '1.6.0' ],
301 silly audit   'call-bind': [ '1.0.5' ],
301 silly audit   'get-intrinsic': [ '1.2.2' ],
301 silly audit   'object-inspect': [ '1.13.1' ],
301 silly audit   'function-bind': [ '1.1.2' ],
301 silly audit   'set-function-length': [ '1.1.1' ],
301 silly audit   'has-proto': [ '1.0.1' ],
301 silly audit   'has-symbols': [ '1.0.3' ],
301 silly audit   hasown: [ '2.0.0' ],
301 silly audit   'define-data-property': [ '1.1.1' ],
301 silly audit   gopd: [ '1.0.1' ],
301 silly audit   'has-property-descriptors': [ '1.0.1' ],
301 silly audit   'media-typer': [ '0.3.0' ]
301 silly audit }
302 silly tarball no local data for media-typer@https://registry.npmjs.org/media-typer/-/media-typer-0.3.0.tgz. Extracting by manifest.
303 silly tarball no local data for has-property-descriptors@https://registry.npmjs.org/has-property-descriptors/-/has-property-descriptors-1.0.1.tgz. Extracting by manifest.
304 silly tarball no local data for gopd@https://registry.npmjs.org/gopd/-/gopd-1.0.1.tgz. Extracting by manifest.
305 silly tarball no local data for define-data-property@https://registry.npmjs.org/define-data-property/-/define-data-property-1.1.1.tgz. Extracting by manifest.
306 silly tarball no local data for hasown@https://registry.npmjs.org/hasown/-/hasown-2.0.0.tgz. Extracting by manifest.
307 silly tarball no local data for has-symbols@https://registry.npmjs.org/has-symbols/-/has-symbols-1.0.3.tgz. Extracting by manifest.
308 silly tarball no local data for has-proto@https://registry.npmjs.org/has-proto/-/has-proto-1.0.1.tgz. Extracting by manifest.
309 silly tarball no local data for set-function-length@https://registry.npmjs.org/set-function-length/-/set-function-length-1.1.1.tgz. Extracting by manifest.
310 silly tarball no local data for function-bind@https://registry.npmjs.org/function-bind/-/function-bind-1.1.2.tgz. Extracting by manifest.
311 silly tarball no local data for object-inspect@https://registry.npmjs.org/object-inspect/-/object-inspect-1.13.1.tgz. Extracting by manifest.
312 silly tarball no local data for get-intrinsic@https://registry.npmjs.org/get-intrinsic/-/get-intrinsic-1.2.2.tgz. Extracting by manifest.
313 silly tarball no local data for call-bind@https://registry.npmjs.org/call-bind/-/call-bind-1.0.5.tgz. Extracting by manifest.
314 silly tarball no local data for mime@https://registry.npmjs.org/mime/-/mime-1.6.0.tgz. Extracting by manifest.
315 silly tarball no local data for side-channel@https://registry.npmjs.org/side-channel/-/side-channel-1.0.4.tgz. Extracting by manifest.
316 silly tarball no local data for ipaddr.js@https://registry.npmjs.org/ipaddr.js/-/ipaddr.js-1.9.1.tgz. Extracting by manifest.
317 silly tarball no local data for forwarded@https://registry.npmjs.org/forwarded/-/forwarded-0.2.0.tgz. Extracting by manifest.
318 silly tarball no local data for ee-first@https://registry.npmjs.org/ee-first/-/ee-first-1.1.1.tgz. Extracting by manifest.
319 silly tarball no local data for mime-db@https://registry.npmjs.org/mime-db/-/mime-db-1.52.0.tgz. Extracting by manifest.
320 silly tarball no local data for safer-buffer@https://registry.npmjs.org/safer-buffer/-/safer-buffer-2.1.2.tgz. Extracting by manifest.
321 silly tarball no local data for toidentifier@https://registry.npmjs.org/toidentifier/-/toidentifier-1.0.1.tgz. Extracting by manifest.
322 silly tarball no local data for inherits@https://registry.npmjs.org/inherits/-/inherits-2.0.4.tgz. Extracting by manifest.
323 silly tarball no local data for ms@https://registry.npmjs.org/ms/-/ms-2.0.0.tgz. Extracting by manifest.
324 silly tarball no local data for unpipe@https://registry.npmjs.org/unpipe/-/unpipe-1.0.0.tgz. Extracting by manifest.
325 silly tarball no local data for raw-body@https://registry.npmjs.org/raw-body/-/raw-body-2.5.1.tgz. Extracting by manifest.
326 silly tarball no local data for iconv-lite@https://registry.npmjs.org/iconv-lite/-/iconv-lite-0.4.24.tgz. Extracting by manifest.
327 silly tarball no local data for destroy@https://registry.npmjs.org/destroy/-/destroy-1.2.0.tgz. Extracting by manifest.
328 silly tarball no local data for bytes@https://registry.npmjs.org/bytes/-/bytes-3.1.2.tgz. Extracting by manifest.
329 silly tarball no local data for negotiator@https://registry.npmjs.org/negotiator/-/negotiator-0.6.3.tgz. Extracting by manifest.
330 silly tarball no local data for mime-types@https://registry.npmjs.org/mime-types/-/mime-types-2.1.35.tgz. Extracting by manifest.
331 silly tarball no local data for vary@https://registry.npmjs.org/vary/-/vary-1.1.2.tgz. Extracting by manifest.
332 silly tarball no local data for utils-merge@https://registry.npmjs.org/utils-merge/-/utils-merge-1.0.1.tgz. Extracting by manifest.
333 silly tarball no local data for type-is@https://registry.npmjs.org/type-is/-/type-is-1.6.18.tgz. Extracting by manifest.
334 silly tarball no local data for statuses@https://registry.npmjs.org/statuses/-/statuses-2.0.1.tgz. Extracting by manifest.
335 silly tarball no local data for setprototypeof@https://registry.npmjs.org/setprototypeof/-/setprototypeof-1.2.0.tgz. Extracting by manifest.
336 silly tarball no local data for serve-static@https://registry.npmjs.org/serve-static/-/serve-static-1.15.0.tgz. Extracting by manifest.
337 silly tarball no local data for send@https://registry.npmjs.org/send/-/send-0.18.0.tgz. Extracting by manifest.
338 silly tarball no local data for safe-buffer@https://registry.npmjs.org/safe-buffer/-/safe-buffer-5.2.1.tgz. Extracting by manifest.
339 silly tarball no local data for range-parser@https://registry.npmjs.org/range-parser/-/range-parser-1.2.1.tgz. Extracting by manifest.
340 silly tarball no local data for qs@https://registry.npmjs.org/qs/-/qs-6.11.0.tgz. Extracting by manifest.
341 silly tarball no local data for proxy-addr@https://registry.npmjs.org/proxy-addr/-/proxy-addr-2.0.7.tgz. Extracting by manifest.
342 silly tarball no local data for path-to-regexp@https://registry.npmjs.org/path-to-regexp/-/path-to-regexp-0.1.7.tgz. Extracting by manifest.
343 silly tarball no local data for parseurl@https://registry.npmjs.org/parseurl/-/parseurl-1.3.3.tgz. Extracting by manifest.
344 silly tarball no local data for on-finished@https://registry.npmjs.org/on-finished/-/on-finished-2.4.1.tgz. Extracting by manifest.
345 silly tarball no local data for methods@https://registry.npmjs.org/methods/-/methods-1.1.2.tgz. Extracting by manifest.
346 silly tarball no local data for merge-descriptors@https://registry.npmjs.org/merge-descriptors/-/merge-descriptors-1.0.1.tgz. Extracting by manifest.
347 silly tarball no local data for http-errors@https://registry.npmjs.org/http-errors/-/http-errors-2.0.0.tgz. Extracting by manifest.
348 silly tarball no local data for fresh@https://registry.npmjs.org/fresh/-/fresh-0.5.2.tgz. Extracting by manifest.
349 silly tarball no local data for finalhandler@https://registry.npmjs.org/finalhandler/-/finalhandler-1.2.0.tgz. Extracting by manifest.
350 silly tarball no local data for etag@https://registry.npmjs.org/etag/-/etag-1.8.1.tgz. Extracting by manifest.
351 silly tarball no local data for escape-html@https://registry.npmjs.org/escape-html/-/escape-html-1.0.3.tgz. Extracting by manifest.
352 silly tarball no local data for encodeurl@https://registry.npmjs.org/encodeurl/-/encodeurl-1.0.2.tgz. Extracting by manifest.
353 silly tarball no local data for depd@https://registry.npmjs.org/depd/-/depd-2.0.0.tgz. Extracting by manifest.
354 silly tarball no local data for debug@https://registry.npmjs.org/debug/-/debug-2.6.9.tgz. Extracting by manifest.
355 silly tarball no local data for cookie-signature@https://registry.npmjs.org/cookie-signature/-/cookie-signature-1.0.6.tgz. Extracting by manifest.
356 silly tarball no local data for cookie@https://registry.npmjs.org/cookie/-/cookie-0.5.0.tgz. Extracting by manifest.
357 silly tarball no local data for content-type@https://registry.npmjs.org/content-type/-/content-type-1.0.5.tgz. Extracting by manifest.
358 silly tarball no local data for content-disposition@https://registry.npmjs.org/content-disposition/-/content-disposition-0.5.4.tgz. Extracting by manifest.
359 silly tarball no local data for body-parser@https://registry.npmjs.org/body-parser/-/body-parser-1.20.1.tgz. Extracting by manifest.
360 silly tarball no local data for array-flatten@https://registry.npmjs.org/array-flatten/-/array-flatten-1.1.1.tgz. Extracting by manifest.
361 silly tarball no local data for accepts@https://registry.npmjs.org/accepts/-/accepts-1.3.8.tgz. Extracting by manifest.
362 silly tarball no local data for express@https://registry.npmjs.org/express/-/express-4.18.2.tgz. Extracting by manifest.
363 silly tarball no local data for ms@https://registry.npmjs.org/ms/-/ms-2.1.3.tgz. Extracting by manifest.
364 http fetch POST 200 https://registry.npmjs.org/-/npm/v1/security/advisories/bulk 421ms
365 timing auditReport:getReport Completed in 426ms
366 silly audit report {}
367 timing auditReport:init Completed in 0ms
368 timing reify:audit Completed in 428ms
369 http fetch GET 200 https://registry.npmjs.org/media-typer/-/media-typer-0.3.0.tgz 859ms (cache miss)
370 timing reifyNode:node_modules/media-typer Completed in 971ms
371 http fetch GET 200 https://registry.npmjs.org/ee-first/-/ee-first-1.1.1.tgz 836ms (cache miss)
372 timing reifyNode:node_modules/ee-first Completed in 969ms
373 http fetch GET 200 https://registry.npmjs.org/toidentifier/-/toidentifier-1.0.1.tgz 835ms (cache miss)
374 timing reifyNode:node_modules/toidentifier Completed in 971ms
375 http fetch GET 200 https://registry.npmjs.org/gopd/-/gopd-1.0.1.tgz 867ms (cache miss)
376 timing reifyNode:node_modules/gopd Completed in 983ms
377 http fetch GET 200 https://registry.npmjs.org/hasown/-/hasown-2.0.0.tgz 865ms (cache miss)
378 timing reifyNode:node_modules/hasown Completed in 983ms
379 http fetch GET 200 https://registry.npmjs.org/define-data-property/-/define-data-property-1.1.1.tgz 867ms (cache miss)
380 http fetch GET 200 https://registry.npmjs.org/has-property-descriptors/-/has-property-descriptors-1.0.1.tgz 877ms (cache miss)
381 timing reifyNode:node_modules/has-property-descriptors Completed in 992ms
382 http fetch GET 200 https://registry.npmjs.org/mime/-/mime-1.6.0.tgz 864ms (cache miss)
383 timing reifyNode:node_modules/mime Completed in 992ms
384 http fetch GET 200 https://registry.npmjs.org/forwarded/-/forwarded-0.2.0.tgz 859ms (cache miss)
385 timing reifyNode:node_modules/forwarded Completed in 991ms
386 http fetch GET 200 https://registry.npmjs.org/inherits/-/inherits-2.0.4.tgz 854ms (cache miss)
387 timing reifyNode:node_modules/inherits Completed in 991ms
388 http fetch GET 200 https://registry.npmjs.org/ipaddr.js/-/ipaddr.js-1.9.1.tgz 865ms (cache miss)
389 timing reifyNode:node_modules/ipaddr.js Completed in 993ms
390 http fetch GET 200 https://registry.npmjs.org/bytes/-/bytes-3.1.2.tgz 847ms (cache miss)
391 timing reifyNode:node_modules/bytes Completed in 993ms
392 http fetch GET 200 https://registry.npmjs.org/setprototypeof/-/setprototypeof-1.2.0.tgz 838ms (cache miss)
393 timing reifyNode:node_modules/setprototypeof Completed in 993ms
394 http fetch GET 200 https://registry.npmjs.org/set-function-length/-/set-function-length-1.1.1.tgz 882ms (cache miss)
395 timing reifyNode:node_modules/set-function-length Completed in 1003ms
396 http fetch GET 200 https://registry.npmjs.org/has-proto/-/has-proto-1.0.1.tgz 883ms (cache miss)
397 timing reifyNode:node_modules/has-proto Completed in 1003ms
398 http fetch GET 200 https://registry.npmjs.org/get-intrinsic/-/get-intrinsic-1.2.2.tgz 882ms (cache miss)
399 timing reifyNode:node_modules/get-intrinsic Completed in 1009ms
400 http fetch GET 200 https://registry.npmjs.org/unpipe/-/unpipe-1.0.0.tgz 867ms (cache miss)
401 timing reifyNode:node_modules/unpipe Completed in 1007ms
402 http fetch GET 200 https://registry.npmjs.org/vary/-/vary-1.1.2.tgz 857ms (cache miss)
403 timing reifyNode:node_modules/vary Completed in 1006ms
404 http fetch GET 200 https://registry.npmjs.org/utils-merge/-/utils-merge-1.0.1.tgz 856ms (cache miss)
405 timing reifyNode:node_modules/utils-merge Completed in 1006ms
406 http fetch GET 200 https://registry.npmjs.org/destroy/-/destroy-1.2.0.tgz 863ms (cache miss)
407 timing reifyNode:node_modules/destroy Completed in 1008ms
408 http fetch GET 200 https://registry.npmjs.org/mime-types/-/mime-types-2.1.35.tgz 860ms (cache miss)
409 timing reifyNode:node_modules/mime-types Completed in 1008ms
410 timing reifyNode:node_modules/define-data-property Completed in 1019ms
411 http fetch GET 200 https://registry.npmjs.org/mime-db/-/mime-db-1.52.0.tgz 882ms (cache miss)
412 http fetch GET 200 https://registry.npmjs.org/safer-buffer/-/safer-buffer-2.1.2.tgz 881ms (cache miss)
413 timing reifyNode:node_modules/safer-buffer Completed in 1016ms
414 http fetch GET 200 https://registry.npmjs.org/ms/-/ms-2.0.0.tgz 877ms (cache miss)
415 timing reifyNode:node_modules/ms Completed in 1017ms
416 http fetch GET 200 https://registry.npmjs.org/path-to-regexp/-/path-to-regexp-0.1.7.tgz 850ms (cache miss)
417 timing reifyNode:node_modules/path-to-regexp Completed in 1015ms
418 http fetch GET 200 https://registry.npmjs.org/serve-static/-/serve-static-1.15.0.tgz 860ms (cache miss)
419 timing reifyNode:node_modules/serve-static Completed in 1017ms
420 http fetch GET 200 https://registry.npmjs.org/negotiator/-/negotiator-0.6.3.tgz 871ms (cache miss)
421 http fetch GET 200 https://registry.npmjs.org/range-parser/-/range-parser-1.2.1.tgz 858ms (cache miss)
422 timing reifyNode:node_modules/range-parser Completed in 1018ms
423 http fetch GET 200 https://registry.npmjs.org/on-finished/-/on-finished-2.4.1.tgz 850ms (cache miss)
424 timing reifyNode:node_modules/on-finished Completed in 1018ms
425 http fetch GET 200 https://registry.npmjs.org/finalhandler/-/finalhandler-1.2.0.tgz 841ms (cache miss)
426 timing reifyNode:node_modules/finalhandler Completed in 1018ms
427 http fetch GET 200 https://registry.npmjs.org/proxy-addr/-/proxy-addr-2.0.7.tgz 865ms (cache miss)
428 timing reifyNode:node_modules/proxy-addr Completed in 1026ms
429 http fetch GET 200 https://registry.npmjs.org/type-is/-/type-is-1.6.18.tgz 874ms (cache miss)
430 timing reifyNode:node_modules/type-is Completed in 1027ms
431 timing reifyNode:node_modules/negotiator Completed in 1028ms
432 http fetch GET 200 https://registry.npmjs.org/statuses/-/statuses-2.0.1.tgz 874ms (cache miss)
433 timing reifyNode:node_modules/statuses Completed in 1028ms
434 http fetch GET 200 https://registry.npmjs.org/merge-descriptors/-/merge-descriptors-1.0.1.tgz 857ms (cache miss)
435 timing reifyNode:node_modules/merge-descriptors Completed in 1028ms
436 http fetch GET 200 https://registry.npmjs.org/methods/-/methods-1.1.2.tgz 859ms (cache miss)
437 timing reifyNode:node_modules/methods Completed in 1028ms
438 http fetch GET 200 https://registry.npmjs.org/content-type/-/content-type-1.0.5.tgz 842ms (cache miss)
439 timing reifyNode:node_modules/content-type Completed in 1028ms
440 http fetch GET 200 https://registry.npmjs.org/fresh/-/fresh-0.5.2.tgz 856ms (cache miss)
441 timing reifyNode:node_modules/fresh Completed in 1029ms
442 http fetch GET 200 https://registry.npmjs.org/etag/-/etag-1.8.1.tgz 851ms (cache miss)
443 timing reifyNode:node_modules/etag Completed in 1029ms
444 http fetch GET 200 https://registry.npmjs.org/cookie-signature/-/cookie-signature-1.0.6.tgz 846ms (cache miss)
445 timing reifyNode:node_modules/cookie-signature Completed in 1029ms
446 timing reifyNode:node_modules/mime-db Completed in 1035ms
447 http fetch GET 200 https://registry.npmjs.org/parseurl/-/parseurl-1.3.3.tgz 867ms (cache miss)
448 timing reifyNode:node_modules/parseurl Completed in 1034ms
449 http fetch GET 200 https://registry.npmjs.org/content-disposition/-/content-disposition-0.5.4.tgz 845ms (cache miss)
450 timing reifyNode:node_modules/content-disposition Completed in 1034ms
451 http fetch GET 200 https://registry.npmjs.org/escape-html/-/escape-html-1.0.3.tgz 856ms (cache miss)
452 timing reifyNode:node_modules/escape-html Completed in 1035ms
453 http fetch GET 200 https://registry.npmjs.org/http-errors/-/http-errors-2.0.0.tgz 864ms (cache miss)
454 timing reifyNode:node_modules/http-errors Completed in 1036ms
455 http fetch GET 200 https://registry.npmjs.org/cookie/-/cookie-0.5.0.tgz 851ms (cache miss)
456 timing reifyNode:node_modules/cookie Completed in 1036ms
457 http fetch GET 200 https://registry.npmjs.org/accepts/-/accepts-1.3.8.tgz 845ms (cache miss)
458 timing reifyNode:node_modules/accepts Completed in 1037ms
459 http fetch GET 200 https://registry.npmjs.org/side-channel/-/side-channel-1.0.4.tgz 915ms (cache miss)
460 timing reifyNode:node_modules/side-channel Completed in 1042ms
461 http fetch GET 200 https://registry.npmjs.org/raw-body/-/raw-body-2.5.1.tgz 900ms (cache miss)
462 timing reifyNode:node_modules/raw-body Completed in 1041ms
463 http fetch GET 200 https://registry.npmjs.org/ms/-/ms-2.1.3.tgz 795ms (cache miss)
464 timing reifyNode:node_modules/send/node_modules/ms Completed in 1042ms
465 http fetch GET 200 https://registry.npmjs.org/array-flatten/-/array-flatten-1.1.1.tgz 850ms (cache miss)
466 timing reifyNode:node_modules/array-flatten Completed in 1041ms
467 http fetch GET 200 https://registry.npmjs.org/safe-buffer/-/safe-buffer-5.2.1.tgz 885ms (cache miss)
468 timing reifyNode:node_modules/safe-buffer Completed in 1044ms
469 http fetch GET 200 https://registry.npmjs.org/encodeurl/-/encodeurl-1.0.2.tgz 864ms (cache miss)
470 timing reifyNode:node_modules/encodeurl Completed in 1044ms
471 http fetch GET 200 https://registry.npmjs.org/depd/-/depd-2.0.0.tgz 863ms (cache miss)
472 timing reifyNode:node_modules/depd Completed in 1044ms
473 http fetch GET 200 https://registry.npmjs.org/body-parser/-/body-parser-1.20.1.tgz 860ms (cache miss)
474 timing reifyNode:node_modules/body-parser Completed in 1066ms
475 http fetch GET 200 https://registry.npmjs.org/has-symbols/-/has-symbols-1.0.3.tgz 960ms (cache miss)
476 timing reifyNode:node_modules/has-symbols Completed in 1079ms
477 http fetch GET 200 https://registry.npmjs.org/call-bind/-/call-bind-1.0.5.tgz 951ms (cache miss)
478 timing reifyNode:node_modules/call-bind Completed in 1079ms
479 http fetch GET 200 https://registry.npmjs.org/send/-/send-0.18.0.tgz 916ms (cache miss)
480 timing reifyNode:node_modules/send Completed in 1074ms
481 http fetch GET 200 https://registry.npmjs.org/function-bind/-/function-bind-1.1.2.tgz 958ms (cache miss)
482 timing reifyNode:node_modules/function-bind Completed in 1080ms
483 http fetch GET 200 https://registry.npmjs.org/debug/-/debug-2.6.9.tgz 895ms (cache miss)
484 timing reifyNode:node_modules/debug Completed in 1076ms
485 http fetch GET 200 https://registry.npmjs.org/express/-/express-4.18.2.tgz 899ms (cache miss)
486 timing reifyNode:node_modules/express Completed in 1099ms
487 http fetch GET 200 https://registry.npmjs.org/qs/-/qs-6.11.0.tgz 946ms (cache miss)
488 timing reifyNode:node_modules/qs Completed in 1106ms
489 http fetch GET 200 https://registry.npmjs.org/object-inspect/-/object-inspect-1.13.1.tgz 993ms (cache miss)
490 timing reifyNode:node_modules/object-inspect Completed in 1120ms
491 http fetch GET 200 https://registry.npmjs.org/iconv-lite/-/iconv-lite-0.4.24.tgz 978ms (cache miss)
492 timing reifyNode:node_modules/iconv-lite Completed in 1122ms
493 timing reify:unpack Completed in 1128ms
494 timing reify:unretire Completed in 0ms
495 timing build:queue Completed in 6ms
496 timing build:link:node_modules/mime Completed in 3ms
497 timing build:link Completed in 3ms
498 timing build:deps Completed in 11ms
499 timing build Completed in 12ms
500 timing reify:build Completed in 12ms
501 timing reify:trash Completed in 0ms
502 timing reify:save Completed in 41ms
503 timing reify Completed in 2807ms
504 silly ADD node_modules/media-typer
505 silly ADD node_modules/has-property-descriptors
506 silly ADD node_modules/gopd
507 silly ADD node_modules/define-data-property
508 silly ADD node_modules/hasown
509 silly ADD node_modules/has-symbols
510 silly ADD node_modules/has-proto
511 silly ADD node_modules/set-function-length
512 silly ADD node_modules/function-bind
513 silly ADD node_modules/object-inspect
514 silly ADD node_modules/get-intrinsic
515 silly ADD node_modules/call-bind
516 silly ADD node_modules/mime
517 silly ADD node_modules/side-channel
518 silly ADD node_modules/ipaddr.js
519 silly ADD node_modules/forwarded
520 silly ADD node_modules/ee-first
521 silly ADD node_modules/mime-db
522 silly ADD node_modules/safer-buffer
523 silly ADD node_modules/toidentifier
524 silly ADD node_modules/inherits
525 silly ADD node_modules/ms
526 silly ADD node_modules/unpipe
527 silly ADD node_modules/raw-body
528 silly ADD node_modules/iconv-lite
529 silly ADD node_modules/destroy
530 silly ADD node_modules/bytes
531 silly ADD node_modules/negotiator
532 silly ADD node_modules/mime-types
533 silly ADD node_modules/vary
534 silly ADD node_modules/utils-merge
535 silly ADD node_modules/type-is
536 silly ADD node_modules/statuses
537 silly ADD node_modules/setprototypeof
538 silly ADD node_modules/serve-static
539 silly ADD node_modules/send
540 silly ADD node_modules/send/node_modules/ms
541 silly ADD node_modules/safe-buffer
542 silly ADD node_modules/range-parser
543 silly ADD node_modules/qs
544 silly ADD node_modules/proxy-addr
545 silly ADD node_modules/path-to-regexp
546 silly ADD node_modules/parseurl
547 silly ADD node_modules/on-finished
548 silly ADD node_modules/methods
549 silly ADD node_modules/merge-descriptors
550 silly ADD node_modules/http-errors
551 silly ADD node_modules/fresh
552 silly ADD node_modules/finalhandler
553 silly ADD node_modules/etag
554 silly ADD node_modules/escape-html
555 silly ADD node_modules/encodeurl
556 silly ADD node_modules/depd
557 silly ADD node_modules/debug
558 silly ADD node_modules/cookie-signature
559 silly ADD node_modules/cookie
560 silly ADD node_modules/content-type
561 silly ADD node_modules/content-disposition
562 silly ADD node_modules/body-parser
563 silly ADD node_modules/array-flatten
564 silly ADD node_modules/accepts
565 silly ADD node_modules/express
566 timing command:install Completed in 2826ms
567 notice
567 notice New [31mmajor[39m version of npm available! [31m9.8.1[39m -> [32m10.2.4[39m
567 notice Changelog: [36mhttps://github.com/npm/cli/releases/tag/v10.2.4[39m
567 notice Run [32mnpm install -g npm@10.2.4[39m to update!
567 notice
568 verbose exit 0
569 timing npm Completed in 3175ms
570 info ok
